[debug] [2024-08-02T20:58:31.003Z] ----------------------------------------------------------------------
[debug] [2024-08-02T20:58:31.006Z] Command:       /nix/store/aspnwxp3q1wvg8jd1zg0295zmhr3lkb3-nodejs-18.19.1/bin/node /nix/store/pf4ama10fsjb161xrxgsyqi21qm10wc6-firebase-tools-13.13.1/lib/node_modules/firebase-tools/lib/bin/firebase.js init hosting
[debug] [2024-08-02T20:58:31.007Z] CLI Version:   13.13.1
[debug] [2024-08-02T20:58:31.007Z] Platform:      linux
[debug] [2024-08-02T20:58:31.008Z] Node Version:  v18.19.1
[debug] [2024-08-02T20:58:31.008Z] Time:          Fri Aug 02 2024 20:58:31 GMT+0000 (Coordinated Universal Time)
[debug] [2024-08-02T20:58:31.008Z] ----------------------------------------------------------------------
[debug] 
[debug] [2024-08-02T20:58:31.017Z] > command requires scopes: ["email","openid","https://www.googleapis.com/auth/cloudplatformprojects.readonly","https://www.googleapis.com/auth/firebase","https://www.googleapis.com/auth/cloud-platform"]
[debug] [2024-08-02T20:58:31.018Z] > authorizing via signed-in user (zuhrisaifuddin405@gmail.com)
[info] 
     ######## #### ########  ######## ########     ###     ######  ########
     ##        ##  ##     ## ##       ##     ##  ##   ##  ##       ##
     ######    ##  ########  ######   ########  #########  ######  ######
     ##        ##  ##    ##  ##       ##     ## ##     ##       ## ##
     ##       #### ##     ## ######## ########  ##     ##  ######  ########

You're about to initialize a Firebase project in this directory:

  /home/user/qr-code-project

[info] 
=== Project Setup
[info] 
[info] First, let's associate this project directory with a Firebase project.
[info] You can create multiple project aliases by running firebase use --add, 
[info] but for now we'll just set up a default project.
[info] 
[debug] [2024-08-02T20:58:38.447Z] >>> [apiv2][query] GET https://firebase.googleapis.com/v1beta1/availableProjects pageSize=100
[debug] [2024-08-02T20:58:39.152Z] <<< [apiv2][status] GET https://firebase.googleapis.com/v1beta1/availableProjects 200
[debug] [2024-08-02T20:58:39.152Z] <<< [apiv2][body] GET https://firebase.googleapis.com/v1beta1/availableProjects [omitted]
[debug] [2024-08-02T20:58:54.643Z] >>> [apiv2][query] POST https://firebase.googleapis.com/v1beta1/projects/premium-pulsar-424406-n2:addFirebase [none]
[debug] [2024-08-02T20:58:55.188Z] <<< [apiv2][status] POST https://firebase.googleapis.com/v1beta1/projects/premium-pulsar-424406-n2:addFirebase 403
[debug] [2024-08-02T20:58:55.189Z] <<< [apiv2][body] POST https://firebase.googleapis.com/v1beta1/projects/premium-pulsar-424406-n2:addFirebase {"error":{"code":403,"message":"The caller does not have permission","status":"PERMISSION_DENIED"}}
[debug] [2024-08-02T20:58:55.190Z] HTTP Error: 403, The caller does not have permission
[debug] [2024-08-02T20:58:55.192Z] FirebaseError: HTTP Error: 403, The caller does not have permission
    at responseToError (/nix/store/pf4ama10fsjb161xrxgsyqi21qm10wc6-firebase-tools-13.13.1/lib/node_modules/firebase-tools/lib/responseToError.js:49:12)
    at RetryOperation._fn (/nix/store/pf4ama10fsjb161xrxgsyqi21qm10wc6-firebase-tools-13.13.1/lib/node_modules/firebase-tools/lib/apiv2.js:305:77)
    at process.processTicksAndRejections (node:internal/process/task_queues:95:5)
[error] 
[error] Error: Failed to add Firebase to Google Cloud Platform project. See firebase-debug.log for more info.
